\BOOKMARK [1][-]{section.1}{\376\377\000T\000e\000m\000p\000l\000a\000t\000e\000s}{}% 1
\BOOKMARK [2][-]{subsection.1.1}{\376\377\000P\000l\000a\000n\000t\000i\000l\000l\000a\000\040\000C\000+\000+}{section.1}% 2
\BOOKMARK [2][-]{subsection.1.2}{\376\377\000P\000l\000a\000n\000t\000i\000l\000l\000a\000\040\000P\000h\000y\000t\000o\000n}{section.1}% 3
\BOOKMARK [1][-]{section.2}{\376\377\000D\000a\000t\000a\000\040\000S\000t\000r\000u\000c\000t\000u\000r\000e\000s}{}% 4
\BOOKMARK [2][-]{subsection.2.1}{\376\377\000T\000r\000i\000e}{section.2}% 5
\BOOKMARK [2][-]{subsection.2.2}{\376\377\000F\000e\000n\000w\000i\000c\000k\000\040\000T\000r\000e\000e}{section.2}% 6
\BOOKMARK [2][-]{subsection.2.3}{\376\377\000B\000i\000n\000a\000r\000y\000\040\000I\000n\000d\000e\000x\000e\000d\000\040\000T\000r\000e\000e}{section.2}% 7
\BOOKMARK [2][-]{subsection.2.4}{\376\377\000O\000r\000d\000e\000r\000\040\000S\000t\000a\000t\000i\000s\000t\000i\000c\000s\000\040\000T\000r\000e\000e}{section.2}% 8
\BOOKMARK [2][-]{subsection.2.5}{\376\377\000S\000e\000g\000m\000e\000n\000t\000\040\000T\000r\000e\000e}{section.2}% 9
\BOOKMARK [2][-]{subsection.2.6}{\376\377\000L\000a\000z\000y\000\040\000S\000e\000g\000m\000e\000n\000t\000\040\000T\000r\000e\000e}{section.2}% 10
\BOOKMARK [2][-]{subsection.2.7}{\376\377\000L\000a\000z\000y\000\040\000R\000a\000n\000g\000e\000\040\000M\000i\000n\000/\000M\000a\000x\000\040\000Q\000u\000e\000r\000y}{section.2}% 11
\BOOKMARK [2][-]{subsection.2.8}{\376\377\000S\000p\000a\000r\000s\000e\000\040\000S\000e\000g\000m\000e\000n\000t\000\040\000T\000r\000e\000e}{section.2}% 12
\BOOKMARK [1][-]{section.3}{\376\377\000M\000a\000t\000h}{}% 13
\BOOKMARK [2][-]{subsection.3.1}{\376\377\000N\000u\000m\000e\000r\000o\000s\000\040\000P\000r\000i\000m\000o\000s}{section.3}% 14
\BOOKMARK [2][-]{subsection.3.2}{\376\377\000O\000p\000e\000r\000a\000c\000i\000o\000n\000e\000s\000\040\000c\000o\000n\000\040\000B\000i\000t\000s}{section.3}% 15
\BOOKMARK [2][-]{subsection.3.3}{\376\377\000F\000o\000r\000m\000u\000l\000a\000s\000\040\000R\000a\000p\000i\000d\000a\000s}{section.3}% 16
\BOOKMARK [2][-]{subsection.3.4}{\376\377\000N\000u\000m\000e\000r\000o\000s\000\040\000C\000a\000t\000a\000l\000a\000n}{section.3}% 17
\BOOKMARK [2][-]{subsection.3.5}{\376\377\000L\000i\000n\000e\000a\000r\000\040\000D\000i\000o\000p\000h\000a\000n\000t\000i\000n\000e}{section.3}% 18
\BOOKMARK [1][-]{section.4}{\376\377\000S\000t\000r\000i\000n\000g\000s}{}% 19
\BOOKMARK [2][-]{subsection.4.1}{\376\377\000K\000n\000u\000t\000h\000-\000M\000o\000r\000r\000i\000s\000-\000P\000r\000a\000t\000h}{section.4}% 20
\BOOKMARK [1][-]{section.5}{\376\377\000D\000y\000n\000a\000m\000i\000c\000\040\000P\000r\000o\000g\000r\000a\000m\000m\000i\000n\000g}{}% 21
\BOOKMARK [2][-]{subsection.5.1}{\376\377\000P\000r\000o\000b\000l\000e\000m\000a\000\040\000d\000e\000\040\000l\000a\000\040\000m\000o\000c\000h\000i\000l\000a}{section.5}% 22
\BOOKMARK [2][-]{subsection.5.2}{\376\377\000L\000o\000n\000g\000e\000s\000t\000\040\000I\000n\000c\000r\000e\000a\000s\000i\000n\000g\000\040\000S\000u\000b\000s\000e\000q\000u\000e\000n\000c\000e\000\040\000\050\000L\000I\000S\000\051}{section.5}% 23
\BOOKMARK [2][-]{subsection.5.3}{\376\377\000P\000r\000o\000b\000l\000e\000m\000a\000\040\000d\000e\000l\000\040\000v\000i\000a\000j\000e\000r\000o}{section.5}% 24
\BOOKMARK [2][-]{subsection.5.4}{\376\377\000D\000p\000\040\000c\000o\000n\000\040\000D\000i\000g\000i\000t\000o\000s}{section.5}% 25
\BOOKMARK [2][-]{subsection.5.5}{\376\377\000T\000e\000c\000n\000i\000c\000a\000\040\000c\000o\000n\000\040\000p\000i\000l\000a}{section.5}% 26
\BOOKMARK [2][-]{subsection.5.6}{\376\377\000T\000e\000c\000n\000i\000c\000a\000\040\000c\000o\000n\000\040\000d\000e\000q\000u\000e}{section.5}% 27
\BOOKMARK [2][-]{subsection.5.7}{\376\377\000S\000u\000m\000a\000\040\000e\000n\000\040\0002\000D}{section.5}% 28
\BOOKMARK [1][-]{section.6}{\376\377\000G\000r\000a\000p\000h\000s}{}% 29
\BOOKMARK [2][-]{subsection.6.1}{\376\377\000R\000e\000c\000o\000r\000r\000i\000d\000o\000\040\000B\000F\000S\000\040\000y\000\040\000D\000F\000S}{section.6}% 30
\BOOKMARK [2][-]{subsection.6.2}{\376\377\000D\000i\000j\000k\000s\000t\000r\000a}{section.6}% 31
\BOOKMARK [2][-]{subsection.6.3}{\376\377\000B\000e\000l\000l\000m\000a\000n\000-\000F\000o\000r\000d}{section.6}% 32
\BOOKMARK [2][-]{subsection.6.4}{\376\377\000F\000l\000o\000y\000d\000-\000W\000a\000r\000s\000h\000a\000l\000l}{section.6}% 33
\BOOKMARK [2][-]{subsection.6.5}{\376\377\000L\000o\000w\000e\000s\000t\000\040\000C\000o\000m\000m\000o\000n\000\040\000A\000n\000c\000e\000s\000t\000o\000r}{section.6}% 34
\BOOKMARK [2][-]{subsection.6.6}{\376\377\000K\000r\000u\000s\000k\000a\000l\000\040\000U\000n\000i\000o\000n\000F\000i\000n\000d}{section.6}% 35
\BOOKMARK [2][-]{subsection.6.7}{\376\377\000P\000r\000i\000m}{section.6}% 36
\BOOKMARK [2][-]{subsection.6.8}{\376\377\000B\000r\000i\000d\000g\000e\000\040\000D\000e\000t\000e\000c\000t\000i\000o\000n}{section.6}% 37
\BOOKMARK [2][-]{subsection.6.9}{\376\377\000O\000r\000d\000e\000n\000a\000m\000i\000e\000n\000t\000o\000\040\000T\000o\000p\000o\000l\000o\000g\000i\000c\000o}{section.6}% 38
\BOOKMARK [2][-]{subsection.6.10}{\376\377\000O\000r\000d\000e\000n\000a\000m\000i\000e\000n\000t\000o\000\040\000T\000o\000p\000o\000l\000o\000g\000i\000c\000o\000\040\000L\000e\000x\000i\000c\000o\000g\000r\000a\000f\000i\000c\000o}{section.6}% 39
\BOOKMARK [2][-]{subsection.6.11}{\376\377\000A\000l\000g\000o\000r\000i\000t\000m\000o\000\040\000d\000e\000\040\000T\000a\000r\000j\000a\000n\000\040\000\050\000S\000C\000C\000\051}{section.6}% 40
\BOOKMARK [2][-]{subsection.6.12}{\376\377\000A\000l\000g\000o\000r\000i\000t\000m\000o\000\040\000d\000e\000\040\000K\000o\000s\000a\000r\000a\000j\000u\000\040\000\050\000S\000C\000C\000\051}{section.6}% 41
\BOOKMARK [2][-]{subsection.6.13}{\376\377\000H\000i\000e\000r\000h\000o\000l\000z\000e\000r\000\040\000\050\000C\000a\000m\000i\000n\000o\000\040\000e\000u\000l\000e\000r\000i\000a\000n\000o\000\051}{section.6}% 42
\BOOKMARK [2][-]{subsection.6.14}{\376\377\000E\000u\000l\000e\000r\000T\000o\000u\000r\000\040\000R\000S\000Q}{section.6}% 43
\BOOKMARK [2][-]{subsection.6.15}{\376\377\000H\000o\000p\000c\000r\000o\000f\000t\000-\000K\000a\000r\000p}{section.6}% 44
\BOOKMARK [2][-]{subsection.6.16}{\376\377\000M\000a\000x\000\040\000F\000l\000o\000w}{section.6}% 45
\BOOKMARK [1][-]{section.7}{\376\377\000E\000x\000t\000r\000a\000s}{}% 46
\BOOKMARK [2][-]{subsection.7.1}{\376\377\000O\000p\000e\000r\000a\000c\000i\000o\000n\000e\000s\000\040\000c\000o\000n\000\040\000m\000a\000t\000r\000i\000c\000e\000s}{section.7}% 47
\BOOKMARK [2][-]{subsection.7.2}{\376\377\000F\000e\000c\000h\000a\000s}{section.7}% 48
\BOOKMARK [2][-]{subsection.7.3}{\376\377\000T\000r\000u\000c\000o\000s}{section.7}% 49
